GPU available. Training on GPU...
GPU available. Training on GPU...
Epoch 1
--------------------
Generator Loss: 1.9357404708862305
Discriminator Loss: 0.6396940350532532
D(x) = 0.6551740169525146
(1) D(G(z)) = 0.11227624118328094
(2) D(G(z)) = 0.16564464569091797
Epoch 2
--------------------
Generator Loss: 2.6239280700683594
Discriminator Loss: 0.7971185445785522
D(x) = 0.5599319338798523
(1) D(G(z)) = 0.08867674320936203
(2) D(G(z)) = 0.10063131898641586
Epoch 3
--------------------
Generator Loss: 2.293503761291504
Discriminator Loss: 0.891864001750946
D(x) = 0.5656100511550903
(1) D(G(z)) = 0.15960025787353516
(2) D(G(z)) = 0.15667426586151123
Epoch 4
--------------------
Generator Loss: 5.147854328155518
Discriminator Loss: 0.8901264667510986
D(x) = 0.8474562168121338
(1) D(G(z)) = 0.4676513671875
(2) D(G(z)) = 0.008225355297327042
Epoch 5
--------------------
Generator Loss: 4.276593208312988
Discriminator Loss: 0.615574836730957
D(x) = 0.8783326148986816
(1) D(G(z)) = 0.350625216960907
(2) D(G(z)) = 0.019375156611204147
Epoch 6
--------------------
Generator Loss: 4.156659126281738
Discriminator Loss: 0.6832066178321838
D(x) = 0.8000224828720093
(1) D(G(z)) = 0.32904350757598877
(2) D(G(z)) = 0.021953415125608444
Epoch 7
--------------------
Generator Loss: 4.047341346740723
Discriminator Loss: 0.3981718122959137
D(x) = 0.8387638330459595
(1) D(G(z)) = 0.16605734825134277
(2) D(G(z)) = 0.02621220052242279
Epoch 8
--------------------
Generator Loss: 3.7004666328430176
Discriminator Loss: 0.341979056596756
D(x) = 0.8284775018692017
(1) D(G(z)) = 0.11616624891757965
(2) D(G(z)) = 0.03174203261733055
Epoch 9
--------------------
Generator Loss: 4.156689167022705
Discriminator Loss: 0.7036577463150024
D(x) = 0.7389601469039917
(1) D(G(z)) = 0.2639222741127014
(2) D(G(z)) = 0.028138039633631706
Epoch 10
--------------------
Generator Loss: 2.705362558364868
Discriminator Loss: 0.8232048749923706
D(x) = 0.5368444919586182
(1) D(G(z)) = 0.06472638249397278
(2) D(G(z)) = 0.10134635120630264
Epoch 11
--------------------
Generator Loss: 4.399770259857178
Discriminator Loss: 0.2674069404602051
D(x) = 0.9462528228759766
(1) D(G(z)) = 0.17802004516124725
(2) D(G(z)) = 0.019870547577738762
Epoch 12
--------------------
Generator Loss: 3.631542205810547
Discriminator Loss: 0.6342531442642212
D(x) = 0.6236226558685303
(1) D(G(z)) = 0.03540888428688049
(2) D(G(z)) = 0.041145045310258865
Epoch 13
--------------------
Generator Loss: 4.818434715270996
Discriminator Loss: 0.71299147605896
D(x) = 0.9690976142883301
(1) D(G(z)) = 0.4398125112056732
(2) D(G(z)) = 0.012297958135604858
Epoch 14
--------------------
Generator Loss: 3.9196033477783203
Discriminator Loss: 0.12090998142957687
D(x) = 0.9302364587783813
(1) D(G(z)) = 0.043727949261665344
(2) D(G(z)) = 0.028647951781749725
Epoch 15
--------------------
Generator Loss: 3.356964349746704
Discriminator Loss: 0.6069596409797668
D(x) = 0.6600455045700073
(1) D(G(z)) = 0.08927220106124878
(2) D(G(z)) = 0.058358147740364075
Epoch 16
--------------------
Generator Loss: 2.6825547218322754
Discriminator Loss: 0.5132092237472534
D(x) = 0.7434819340705872
(1) D(G(z)) = 0.15047331154346466
(2) D(G(z)) = 0.09520602226257324
Epoch 17
--------------------
Generator Loss: 4.41327428817749
Discriminator Loss: 0.2485877424478531
D(x) = 0.9479237198829651
(1) D(G(z)) = 0.16681848466396332
(2) D(G(z)) = 0.01652204617857933
Epoch 18
--------------------
Generator Loss: 6.441227912902832
Discriminator Loss: 0.9148618578910828
D(x) = 0.9745739698410034
(1) D(G(z)) = 0.5321009159088135
(2) D(G(z)) = 0.0034038270823657513
Epoch 19
--------------------
Generator Loss: 4.045314788818359
Discriminator Loss: 0.4586767554283142
D(x) = 0.8696638345718384
(1) D(G(z)) = 0.2484508603811264
(2) D(G(z)) = 0.02561657503247261
Epoch 20
--------------------
Generator Loss: 3.103748321533203
Discriminator Loss: 0.6540610194206238
D(x) = 0.5995857119560242
(1) D(G(z)) = 0.03322656452655792
(2) D(G(z)) = 0.06972751021385193
Epoch 21
--------------------
Generator Loss: 6.7031731605529785
Discriminator Loss: 0.4398961365222931
D(x) = 0.9524106979370117
(1) D(G(z)) = 0.2954168915748596
(2) D(G(z)) = 0.0021395422518253326
Epoch 22
--------------------
Generator Loss: 3.2105653285980225
Discriminator Loss: 1.9260040521621704
D(x) = 0.19934815168380737
(1) D(G(z)) = 0.00606990372762084
(2) D(G(z)) = 0.06419293582439423
Epoch 23
--------------------
Generator Loss: 4.436760425567627
Discriminator Loss: 0.10826502740383148
D(x) = 0.9225209951400757
(1) D(G(z)) = 0.022601008415222168
(2) D(G(z)) = 0.017070844769477844
Epoch 24
--------------------
Generator Loss: 6.052702903747559
Discriminator Loss: 0.5911476612091064
D(x) = 0.9777688980102539
(1) D(G(z)) = 0.3713882863521576
(2) D(G(z)) = 0.003347408026456833
Epoch 25
--------------------
Generator Loss: 3.0636420249938965
Discriminator Loss: 0.13705581426620483
D(x) = 0.9290961027145386
(1) D(G(z)) = 0.05613648146390915
(2) D(G(z)) = 0.059178441762924194
Epoch 26
--------------------
Generator Loss: 7.553217887878418
Discriminator Loss: 0.824288010597229
D(x) = 0.9858258962631226
(1) D(G(z)) = 0.4962274432182312
(2) D(G(z)) = 0.0010424638167023659
Epoch 27
--------------------
Generator Loss: 4.609886169433594
Discriminator Loss: 0.5924697518348694
D(x) = 0.9465094208717346
(1) D(G(z)) = 0.35664665699005127
(2) D(G(z)) = 0.014291778206825256
Epoch 28
--------------------
Generator Loss: 4.245001316070557
Discriminator Loss: 0.16624011099338531
D(x) = 0.8793070316314697
(1) D(G(z)) = 0.02775106579065323
(2) D(G(z)) = 0.023366199806332588
Epoch 29
--------------------
Generator Loss: 6.445051193237305
Discriminator Loss: 0.4936036467552185
D(x) = 0.9918253421783447
(1) D(G(z)) = 0.3528284430503845
(2) D(G(z)) = 0.0024998881854116917
Epoch 30
--------------------
Generator Loss: 4.798973083496094
Discriminator Loss: 1.1989870071411133
D(x) = 0.36729246377944946
(1) D(G(z)) = 0.0027368611190468073
(2) D(G(z)) = 0.023634877055883408
Epoch 31
--------------------
Generator Loss: 6.661307334899902
Discriminator Loss: 0.9610603451728821
D(x) = 0.9964563250541687
(1) D(G(z)) = 0.5535259246826172
(2) D(G(z)) = 0.002461704658344388
Epoch 32
--------------------
Generator Loss: 4.564481735229492
Discriminator Loss: 0.11999586224555969
D(x) = 0.9128490090370178
(1) D(G(z)) = 0.023396573960781097
(2) D(G(z)) = 0.01652219146490097
Epoch 33
--------------------
Generator Loss: 3.327693462371826
Discriminator Loss: 0.07292991876602173
D(x) = 0.9686369299888611
(1) D(G(z)) = 0.03845486044883728
(2) D(G(z)) = 0.06424431502819061
Epoch 34
--------------------
Generator Loss: 5.072683334350586
Discriminator Loss: 0.3040909171104431
D(x) = 0.9670960307121277
(1) D(G(z)) = 0.2162826657295227
(2) D(G(z)) = 0.010360797867178917
Epoch 35
--------------------
Generator Loss: 2.6535205841064453
Discriminator Loss: 0.20175296068191528
D(x) = 0.923398494720459
(1) D(G(z)) = 0.10274483263492584
(2) D(G(z)) = 0.11689744889736176
Epoch 36
--------------------
Generator Loss: 4.809877872467041
Discriminator Loss: 0.27027878165245056
D(x) = 0.7906860113143921
(1) D(G(z)) = 0.005044500809162855
(2) D(G(z)) = 0.016867483034729958
Epoch 37
--------------------
Generator Loss: 5.043140411376953
Discriminator Loss: 0.3948670029640198
D(x) = 0.9739619493484497
(1) D(G(z)) = 0.2677544951438904
(2) D(G(z)) = 0.012414796277880669
Epoch 38
--------------------
Generator Loss: 4.451988697052002
Discriminator Loss: 0.11291015893220901
D(x) = 0.9123648405075073
(1) D(G(z)) = 0.012790344655513763
(2) D(G(z)) = 0.021387293934822083
Epoch 39
--------------------
Generator Loss: 6.252442359924316
Discriminator Loss: 0.5066013336181641
D(x) = 0.6639885306358337
(1) D(G(z)) = 0.002262360416352749
(2) D(G(z)) = 0.0048848907463252544
Epoch 40
--------------------
Generator Loss: 8.655763626098633
Discriminator Loss: 0.6979606747627258
D(x) = 0.9903386831283569
(1) D(G(z)) = 0.43347275257110596
(2) D(G(z)) = 0.0004034168377984315
Epoch 41
--------------------
Generator Loss: 4.788247108459473
Discriminator Loss: 0.1503814160823822
D(x) = 0.8850217461585999
(1) D(G(z)) = 0.018276996910572052
(2) D(G(z)) = 0.01505060400813818
Epoch 42
--------------------
Generator Loss: 7.135011672973633
Discriminator Loss: 0.006885932758450508
D(x) = 0.9941630363464355
(1) D(G(z)) = 0.0010033652652055025
(2) D(G(z)) = 0.0017791175050660968
Epoch 43
--------------------
Generator Loss: 9.327277183532715
Discriminator Loss: 0.46947160363197327
D(x) = 0.9964137077331543
(1) D(G(z)) = 0.3398406505584717
(2) D(G(z)) = 0.00018209152040071785
Epoch 44
--------------------
Generator Loss: 5.679035186767578
Discriminator Loss: 0.41177356243133545
D(x) = 0.9837843179702759
(1) D(G(z)) = 0.2738848328590393
(2) D(G(z)) = 0.00648049172013998
Epoch 45
--------------------
Generator Loss: 4.67755126953125
Discriminator Loss: 1.686002254486084
D(x) = 0.262880802154541
(1) D(G(z)) = 0.0023539531975984573
(2) D(G(z)) = 0.024348966777324677
Epoch 46
--------------------
Generator Loss: 5.787749290466309
Discriminator Loss: 0.18642739951610565
D(x) = 0.8527430295944214
(1) D(G(z)) = 0.01274043321609497
(2) D(G(z)) = 0.008060797117650509
Epoch 47
--------------------
Generator Loss: 6.1366286277771
Discriminator Loss: 0.16340352594852448
D(x) = 0.873172402381897
(1) D(G(z)) = 0.007301792968064547
(2) D(G(z)) = 0.0056030298583209515
Epoch 48
--------------------
Generator Loss: 5.484621524810791
Discriminator Loss: 0.03815370798110962
D(x) = 0.9673384428024292
(1) D(G(z)) = 0.0032856024336069822
(2) D(G(z)) = 0.006725691258907318
Epoch 49
--------------------
Generator Loss: 4.814456462860107
Discriminator Loss: 0.07714847475290298
D(x) = 0.9755146503448486
(1) D(G(z)) = 0.047844402492046356
(2) D(G(z)) = 0.01686103269457817
Epoch 50
--------------------
Generator Loss: 5.201027870178223
Discriminator Loss: 0.06357742846012115
D(x) = 0.9797874093055725
(1) D(G(z)) = 0.04051380977034569
(2) D(G(z)) = 0.01314567495137453
Epoch 51
--------------------
Generator Loss: 5.504270553588867
Discriminator Loss: 0.10502117872238159
D(x) = 0.9156712293624878
(1) D(G(z)) = 0.004649447277188301
(2) D(G(z)) = 0.007390291430056095
Epoch 52
--------------------
Generator Loss: 5.487300395965576
Discriminator Loss: 0.15088897943496704
D(x) = 0.9284988641738892
(1) D(G(z)) = 0.039315007627010345
(2) D(G(z)) = 0.013816650956869125
Epoch 53
--------------------
Generator Loss: 6.082644462585449
Discriminator Loss: 0.020720170810818672
D(x) = 0.9848220944404602
(1) D(G(z)) = 0.00524565577507019
(2) D(G(z)) = 0.006520258262753487
Epoch 54
--------------------
Generator Loss: 7.1413373947143555
Discriminator Loss: 0.2304903268814087
D(x) = 0.8240149021148682
(1) D(G(z)) = 0.0006214922177605331
(2) D(G(z)) = 0.002056791679933667
Epoch 55
--------------------
Generator Loss: 4.394426345825195
Discriminator Loss: 0.10557951033115387
D(x) = 0.922339141368866
(1) D(G(z)) = 0.017523622140288353
(2) D(G(z)) = 0.027997592464089394
Epoch 56
--------------------
Generator Loss: 9.728052139282227
Discriminator Loss: 0.6382806301116943
D(x) = 0.9599624872207642
(1) D(G(z)) = 0.3603142201900482
(2) D(G(z)) = 0.00032539968378841877
Epoch 57
--------------------
Generator Loss: 6.516286849975586
Discriminator Loss: 1.4520424604415894
D(x) = 0.33593055605888367
(1) D(G(z)) = 3.323273631394841e-05
(2) D(G(z)) = 0.0069539304822683334
Epoch 58
--------------------
Generator Loss: 6.72511100769043
Discriminator Loss: 0.23666682839393616
D(x) = 0.9794414043426514
(1) D(G(z)) = 0.1727118343114853
(2) D(G(z)) = 0.0027157962322235107
Epoch 59
--------------------
Generator Loss: 7.103294372558594
Discriminator Loss: 0.044663961976766586
D(x) = 0.9596055746078491
(1) D(G(z)) = 0.001874567591585219
(2) D(G(z)) = 0.0021767374128103256
Epoch 60
--------------------
Generator Loss: 6.8177690505981445
Discriminator Loss: 0.037066664546728134
D(x) = 0.9671319127082825
(1) D(G(z)) = 0.002458278788253665
(2) D(G(z)) = 0.002131424145773053
Epoch 61
--------------------
Generator Loss: 12.408161163330078
Discriminator Loss: 0.741752028465271
D(x) = 0.9995883703231812
(1) D(G(z)) = 0.4641512632369995
(2) D(G(z)) = 2.6518771846895106e-05
Epoch 62
--------------------
Generator Loss: 7.222434043884277
Discriminator Loss: 0.21605467796325684
D(x) = 0.9818830490112305
(1) D(G(z)) = 0.15954142808914185
(2) D(G(z)) = 0.0014721439220011234
Epoch 63
--------------------
Generator Loss: 5.8159027099609375
Discriminator Loss: 0.06079791858792305
D(x) = 0.9575378894805908
(1) D(G(z)) = 0.012439768761396408
(2) D(G(z)) = 0.014237230643630028
Epoch 64
--------------------
Generator Loss: 6.4065093994140625
Discriminator Loss: 0.1682889461517334
D(x) = 0.8589000105857849
(1) D(G(z)) = 0.0013906116364523768
(2) D(G(z)) = 0.003924172837287188
Epoch 65
--------------------
Generator Loss: 5.926106929779053
Discriminator Loss: 0.09008587896823883
D(x) = 0.9286292791366577
(1) D(G(z)) = 0.005033990368247032
(2) D(G(z)) = 0.0065073855221271515
Epoch 66
--------------------
Generator Loss: 8.836370468139648
Discriminator Loss: 0.026575393974781036
D(x) = 0.975446343421936
(1) D(G(z)) = 0.0005644074408337474
(2) D(G(z)) = 0.0003968552337028086
Epoch 67
--------------------
Generator Loss: 3.9097366333007812
Discriminator Loss: 0.37947145104408264
D(x) = 0.7729871273040771
(1) D(G(z)) = 0.04147231951355934
(2) D(G(z)) = 0.0541769415140152
Epoch 68
--------------------
Generator Loss: 4.557442665100098
Discriminator Loss: 0.01922914758324623
D(x) = 0.9894052743911743
(1) D(G(z)) = 0.00803221296519041
(2) D(G(z)) = 0.033639922738075256
Epoch 69
--------------------
Generator Loss: 5.280523777008057
Discriminator Loss: 0.07252202928066254
D(x) = 0.9649497866630554
(1) D(G(z)) = 0.03347800299525261
(2) D(G(z)) = 0.010609621182084084
Epoch 70
--------------------
Generator Loss: 5.41649866104126
Discriminator Loss: 0.14573049545288086
D(x) = 0.9963268041610718
(1) D(G(z)) = 0.10378281772136688
(2) D(G(z)) = 0.010910721495747566
Epoch 71
--------------------
Generator Loss: 5.425055980682373
Discriminator Loss: 0.16694827377796173
D(x) = 0.9245290756225586
(1) D(G(z)) = 0.05984426289796829
(2) D(G(z)) = 0.011393407359719276
Epoch 72
--------------------
Generator Loss: 5.422938823699951
Discriminator Loss: 0.039572782814502716
D(x) = 0.9746306538581848
(1) D(G(z)) = 0.01296959538012743
(2) D(G(z)) = 0.009949177503585815
Epoch 73
--------------------
Generator Loss: 4.830309867858887
Discriminator Loss: 0.1314692199230194
D(x) = 0.9376702308654785
(1) D(G(z)) = 0.051517054438591
(2) D(G(z)) = 0.02358325384557247
Epoch 74
--------------------
Generator Loss: 5.28972053527832
Discriminator Loss: 0.041393160820007324
D(x) = 0.9947625398635864
(1) D(G(z)) = 0.032231926918029785
(2) D(G(z)) = 0.012225036509335041
Epoch 75
--------------------
Generator Loss: 6.13417911529541
Discriminator Loss: 0.10178215801715851
D(x) = 0.992938756942749
(1) D(G(z)) = 0.08417125046253204
(2) D(G(z)) = 0.004617047496140003
Epoch 76
--------------------
Generator Loss: 4.6845011711120605
Discriminator Loss: 0.22971239686012268
D(x) = 0.8346593379974365
(1) D(G(z)) = 0.00494410190731287
(2) D(G(z)) = 0.030047014355659485
Epoch 77
--------------------
Generator Loss: 10.625925064086914
Discriminator Loss: 0.46119219064712524
D(x) = 0.7033016681671143
(1) D(G(z)) = 8.806669211480767e-05
(2) D(G(z)) = 0.00016337778652086854
Epoch 78
--------------------
Generator Loss: 4.538761615753174
Discriminator Loss: 0.06912994384765625
D(x) = 0.9632712602615356
(1) D(G(z)) = 0.028843197971582413
(2) D(G(z)) = 0.020824436098337173
Epoch 79
--------------------
Generator Loss: 4.4390363693237305
Discriminator Loss: 0.028125787153840065
D(x) = 0.990119218826294
(1) D(G(z)) = 0.01746673695743084
(2) D(G(z)) = 0.03284042328596115
Epoch 80
--------------------
Generator Loss: 5.327068328857422
Discriminator Loss: 0.11336350440979004
D(x) = 0.9661706686019897
(1) D(G(z)) = 0.06665453314781189
(2) D(G(z)) = 0.0108761852607131
Epoch 81
--------------------
Generator Loss: 5.071521759033203
Discriminator Loss: 0.01989009603857994
D(x) = 0.9921844005584717
(1) D(G(z)) = 0.011749833822250366
(2) D(G(z)) = 0.013160659931600094
Epoch 82
--------------------
Generator Loss: 11.909841537475586
Discriminator Loss: 0.9093014597892761
D(x) = 0.9995369911193848
(1) D(G(z)) = 0.48043525218963623
(2) D(G(z)) = 4.985690247849561e-05
Epoch 83
--------------------
Generator Loss: 6.613009929656982
Discriminator Loss: 0.17839260399341583
D(x) = 0.9922151565551758
(1) D(G(z)) = 0.13367214798927307
(2) D(G(z)) = 0.0024646795354783535
Epoch 84
--------------------
Generator Loss: 4.523985862731934
Discriminator Loss: 0.03332178667187691
D(x) = 0.9810136556625366
(1) D(G(z)) = 0.013354796916246414
(2) D(G(z)) = 0.022362299263477325
Epoch 85
--------------------
Generator Loss: 6.4626312255859375
Discriminator Loss: 0.08241099864244461
D(x) = 0.9270815849304199
(1) D(G(z)) = 0.0020637945272028446
(2) D(G(z)) = 0.0049649858847260475
Epoch 86
--------------------
Generator Loss: 6.085642337799072
Discriminator Loss: 0.025678416714072227
D(x) = 0.9948940277099609
(1) D(G(z)) = 0.019370216876268387
(2) D(G(z)) = 0.013633256778120995
Epoch 87
--------------------
Generator Loss: 5.241196155548096
Discriminator Loss: 0.08931073546409607
D(x) = 0.9622454643249512
(1) D(G(z)) = 0.04175370931625366
(2) D(G(z)) = 0.012549079954624176
Epoch 88
--------------------
Generator Loss: 5.6487226486206055
Discriminator Loss: 0.05186305567622185
D(x) = 0.9632807374000549
(1) D(G(z)) = 0.012624770402908325
(2) D(G(z)) = 0.009828876703977585
Epoch 89
--------------------
Generator Loss: 6.04767370223999
Discriminator Loss: 0.017485080286860466
D(x) = 0.998096764087677
(1) D(G(z)) = 0.01503069419413805
(2) D(G(z)) = 0.008756201714277267
Epoch 90
--------------------
Generator Loss: 8.559874534606934
Discriminator Loss: 0.07853125035762787
D(x) = 0.9308761954307556
(1) D(G(z)) = 0.0006804426666349173
(2) D(G(z)) = 0.0006487416685558856
Epoch 91
--------------------
Generator Loss: 4.615950107574463
Discriminator Loss: 0.0546395406126976
D(x) = 0.9783812761306763
(1) D(G(z)) = 0.03067547082901001
(2) D(G(z)) = 0.019637301564216614
Epoch 92
--------------------
Generator Loss: 5.854916572570801
Discriminator Loss: 0.039014797657728195
D(x) = 0.9760897159576416
(1) D(G(z)) = 0.013506044633686543
(2) D(G(z)) = 0.006846269592642784
Epoch 93
--------------------
Generator Loss: 6.03387451171875
Discriminator Loss: 0.05142757669091225
D(x) = 0.9561864137649536
(1) D(G(z)) = 0.003247114596888423
(2) D(G(z)) = 0.005531029775738716
Epoch 94
--------------------
Generator Loss: 1.8866124153137207
Discriminator Loss: 0.6322882175445557
D(x) = 0.6310511231422424
(1) D(G(z)) = 0.009731397032737732
(2) D(G(z)) = 0.26633113622665405
Epoch 95
--------------------
Generator Loss: 5.828827857971191
Discriminator Loss: 0.02814156375825405
D(x) = 0.9862858057022095
(1) D(G(z)) = 0.013603447005152702
(2) D(G(z)) = 0.008284857496619225
Epoch 96
--------------------
Generator Loss: 5.843132019042969
Discriminator Loss: 0.150096133351326
D(x) = 0.8885577917098999
(1) D(G(z)) = 0.00910892803221941
(2) D(G(z)) = 0.011251017451286316
Epoch 97
--------------------
Generator Loss: 4.721700668334961
Discriminator Loss: 0.10390447080135345
D(x) = 0.9908073544502258
(1) D(G(z)) = 0.08308687806129456
(2) D(G(z)) = 0.01572086103260517
Epoch 98
--------------------
Generator Loss: 6.343322277069092
Discriminator Loss: 0.013384568504989147
D(x) = 0.9909458160400391
(1) D(G(z)) = 0.004130670800805092
(2) D(G(z)) = 0.005704446695744991
Epoch 99
--------------------
Generator Loss: 5.478921890258789
Discriminator Loss: 0.12404263019561768
D(x) = 0.9919894933700562
(1) D(G(z)) = 0.09891612827777863
(2) D(G(z)) = 0.0091164018958807
Epoch 100
--------------------
Generator Loss: 6.790879726409912
Discriminator Loss: 0.2353060096502304
D(x) = 0.9966737031936646
(1) D(G(z)) = 0.15876728296279907
(2) D(G(z)) = 0.003985420800745487
Epoch 101
--------------------
Generator Loss: 5.343555450439453
Discriminator Loss: 0.13054688274860382
D(x) = 0.9039887189865112
(1) D(G(z)) = 0.009949822910130024
(2) D(G(z)) = 0.019084211438894272
Epoch 102
--------------------
Generator Loss: 5.470129013061523
Discriminator Loss: 0.13363538682460785
D(x) = 0.983338475227356
(1) D(G(z)) = 0.09962151944637299
(2) D(G(z)) = 0.007721478119492531
Epoch 103
--------------------
Generator Loss: 5.229151725769043
Discriminator Loss: 0.17038600146770477
D(x) = 0.9708462357521057
(1) D(G(z)) = 0.11190811544656754
(2) D(G(z)) = 0.014929377473890781
Epoch 104
--------------------
Generator Loss: 6.1999592781066895
Discriminator Loss: 0.1547694057226181
D(x) = 0.9787314534187317
(1) D(G(z)) = 0.10978728532791138
(2) D(G(z)) = 0.00458069471642375
Epoch 105
--------------------
Generator Loss: 5.947731971740723
Discriminator Loss: 0.022491998970508575
D(x) = 0.9873785972595215
(1) D(G(z)) = 0.00944150798022747
(2) D(G(z)) = 0.007741759531199932
Epoch 106
--------------------
Generator Loss: 5.177247524261475
Discriminator Loss: 0.08532129228115082
D(x) = 0.9580507278442383
(1) D(G(z)) = 0.03712887689471245
(2) D(G(z)) = 0.012177081778645515
Epoch 107
--------------------
Generator Loss: 5.943652153015137
Discriminator Loss: 0.03213533014059067
D(x) = 0.9763228893280029
(1) D(G(z)) = 0.006993401329964399
(2) D(G(z)) = 0.007059271913021803
Epoch 108
--------------------
Generator Loss: 6.6225080490112305
Discriminator Loss: 0.01767612434923649
D(x) = 0.9914448857307434
(1) D(G(z)) = 0.008638042025268078
(2) D(G(z)) = 0.004222662653774023
Epoch 109
--------------------
Generator Loss: 6.337242126464844
Discriminator Loss: 0.207220196723938
D(x) = 0.9755620956420898
(1) D(G(z)) = 0.14057528972625732
(2) D(G(z)) = 0.005856448784470558
Epoch 110
--------------------
Generator Loss: 4.725488662719727
Discriminator Loss: 0.04005201905965805
D(x) = 0.9865304231643677
(1) D(G(z)) = 0.023840906098484993
(2) D(G(z)) = 0.022798143327236176
Epoch 111
--------------------
Generator Loss: 7.146854400634766
Discriminator Loss: 0.028216538950800896
D(x) = 0.9764325618743896
(1) D(G(z)) = 0.0028603929094970226
(2) D(G(z)) = 0.002150822663679719
Epoch 112
--------------------
Generator Loss: 4.943808555603027
Discriminator Loss: 1.749502182006836
D(x) = 0.3001983165740967
(1) D(G(z)) = 7.597107469337061e-05
(2) D(G(z)) = 0.03075670264661312
Epoch 113
--------------------
Generator Loss: 6.1877546310424805
Discriminator Loss: 0.015951527282595634
D(x) = 0.9901139736175537
(1) D(G(z)) = 0.005826987326145172
(2) D(G(z)) = 0.008146652020514011
Epoch 114
--------------------
Generator Loss: 6.321627616882324
Discriminator Loss: 0.21847860515117645
D(x) = 0.9110308885574341
(1) D(G(z)) = 0.07516294717788696
(2) D(G(z)) = 0.007760257925838232
Epoch 115
--------------------
Generator Loss: 4.8950653076171875
Discriminator Loss: 0.0405963696539402
D(x) = 0.9818729162216187
(1) D(G(z)) = 0.020815672352910042
(2) D(G(z)) = 0.02334660477936268
Epoch 116
--------------------
Generator Loss: 10.698250770568848
Discriminator Loss: 0.5190666913986206
D(x) = 0.9991838932037354
(1) D(G(z)) = 0.32424378395080566
(2) D(G(z)) = 0.00019025991787202656
Epoch 117
--------------------
Generator Loss: 7.100709915161133
Discriminator Loss: 0.03934644162654877
D(x) = 0.9676389098167419
(1) D(G(z)) = 0.003980940207839012
(2) D(G(z)) = 0.0019879320170730352
Epoch 118
--------------------
Generator Loss: 5.353663444519043
Discriminator Loss: 0.36440178751945496
D(x) = 0.8385779857635498
(1) D(G(z)) = 0.07018202543258667
(2) D(G(z)) = 0.02517028898000717
Epoch 119
--------------------
Generator Loss: 7.008958339691162
Discriminator Loss: 0.11331789195537567
D(x) = 0.9818936586380005
(1) D(G(z)) = 0.08203563094139099
(2) D(G(z)) = 0.0019018115708604455
Epoch 120
--------------------
Generator Loss: 5.667240142822266
Discriminator Loss: 0.1056518629193306
D(x) = 0.9699028134346008
(1) D(G(z)) = 0.05508502572774887
(2) D(G(z)) = 0.01047500129789114
Epoch 121
--------------------
Generator Loss: 4.847104549407959
Discriminator Loss: 0.04170149564743042
D(x) = 0.9720953702926636
(1) D(G(z)) = 0.012406397610902786
(2) D(G(z)) = 0.01797902211546898
Epoch 122
--------------------
Generator Loss: 5.6153388023376465
Discriminator Loss: 0.579499363899231
D(x) = 0.647097647190094
(1) D(G(z)) = 0.0013882687781006098
(2) D(G(z)) = 0.013461917638778687
Epoch 123
--------------------
Generator Loss: 5.4334917068481445
Discriminator Loss: 0.08766960352659225
D(x) = 0.9406790137290955
(1) D(G(z)) = 0.02246721088886261
(2) D(G(z)) = 0.011450420133769512
Epoch 124
--------------------
Generator Loss: 5.379944324493408
Discriminator Loss: 0.13714459538459778
D(x) = 0.9328837394714355
(1) D(G(z)) = 0.04742193967103958
(2) D(G(z)) = 0.022708646953105927
Epoch 125
--------------------
Generator Loss: 5.751852989196777
Discriminator Loss: 0.11517946422100067
D(x) = 0.9751237630844116
(1) D(G(z)) = 0.07898810505867004
(2) D(G(z)) = 0.006483656354248524
Epoch 126
--------------------
Generator Loss: 6.506577491760254
Discriminator Loss: 0.03692154586315155
D(x) = 0.9699267148971558
(1) D(G(z)) = 0.0054062181152403355
(2) D(G(z)) = 0.004982380196452141
Epoch 127
--------------------
Generator Loss: 4.110851287841797
Discriminator Loss: 2.4400432109832764
D(x) = 0.1562456488609314
(1) D(G(z)) = 9.52164555201307e-05
(2) D(G(z)) = 0.07224462926387787
Epoch 128
--------------------
Generator Loss: 9.217427253723145
Discriminator Loss: 0.527949869632721
D(x) = 0.999377965927124
(1) D(G(z)) = 0.3233828544616699
(2) D(G(z)) = 0.00021206964447628707
Epoch 129
--------------------
Generator Loss: 5.038756370544434
Discriminator Loss: 0.07230426371097565
D(x) = 0.952154815196991
(1) D(G(z)) = 0.016787506639957428
(2) D(G(z)) = 0.016457222402095795
Epoch 130
--------------------
Generator Loss: 7.887382507324219
Discriminator Loss: 0.0355704203248024
D(x) = 0.9673069715499878
(1) D(G(z)) = 0.0008790993597358465
(2) D(G(z)) = 0.0014743413776159286
Epoch 131
--------------------
Generator Loss: 9.119457244873047
Discriminator Loss: 0.49976450204849243
D(x) = 0.9954062700271606
(1) D(G(z)) = 0.30287468433380127
(2) D(G(z)) = 0.0005719935870729387
Epoch 132
--------------------
Generator Loss: 5.019448280334473
Discriminator Loss: 0.216684490442276
D(x) = 0.913467526435852
(1) D(G(z)) = 0.09276473522186279
(2) D(G(z)) = 0.017772112041711807
Epoch 133
--------------------
Generator Loss: 4.510018825531006
Discriminator Loss: 0.4558892250061035
D(x) = 0.7157273888587952
(1) D(G(z)) = 0.005282024387270212
(2) D(G(z)) = 0.02864174172282219
Epoch 134
--------------------
Generator Loss: 5.2479166984558105
Discriminator Loss: 0.12033052742481232
D(x) = 0.9355491995811462
(1) D(G(z)) = 0.04277155548334122
(2) D(G(z)) = 0.01461371872574091
Epoch 135
--------------------
Generator Loss: 4.8705668449401855
Discriminator Loss: 0.08183608204126358
D(x) = 0.9917937517166138
(1) D(G(z)) = 0.06499393284320831
(2) D(G(z)) = 0.029129689559340477
Epoch 136
--------------------
Generator Loss: 5.665428161621094
Discriminator Loss: 0.12456772476434708
D(x) = 0.9682152271270752
(1) D(G(z)) = 0.08022382855415344
(2) D(G(z)) = 0.0062488289549946785
Epoch 137
--------------------
Generator Loss: 11.414722442626953
Discriminator Loss: 1.6439095735549927
D(x) = 0.9967846870422363
(1) D(G(z)) = 0.5622262954711914
(2) D(G(z)) = 0.000137971161166206
Epoch 138
--------------------
Generator Loss: 5.518723487854004
Discriminator Loss: 0.154382586479187
D(x) = 0.9699050188064575
(1) D(G(z)) = 0.10352117568254471
(2) D(G(z)) = 0.010589627549052238
Epoch 139
--------------------
Generator Loss: 5.72994327545166
Discriminator Loss: 0.09284839034080505
D(x) = 0.9578280448913574
(1) D(G(z)) = 0.041536565870046616
(2) D(G(z)) = 0.00849507749080658
